2025-12-03 11:16:58.139 [main] INFO  o.s.t.c.support.AnnotationConfigContextLoaderUtils-Could not detect default configuration classes for test class [org.xd.TliasWebManagementApplicationTests]: TliasWebManagementApplicationTests does not declare any static, non-private, non-final, nested classes annotated with @Configuration.
2025-12-03 11:16:58.255 [main] INFO  o.s.b.t.context.SpringBootTestContextBootstrapper-Found @SpringBootConfiguration org.xd.ThisWebManagmentApplication for test class org.xd.TliasWebManagementApplicationTests
2025-12-03 11:16:58.790 [main] INFO  org.xd.TliasWebManagementApplicationTests-Starting TliasWebManagementApplicationTests using Java 17.0.17 with PID 3664 (started by runner in /home/runner/work/springmvc_demo1/springmvc_demo1/this-web-management)
2025-12-03 11:16:58.791 [main] INFO  org.xd.TliasWebManagementApplicationTests-No active profile set, falling back to 1 default profile: "default"
2025-12-03 11:17:01.137 [main] INFO  o.s.b.actuate.endpoint.web.EndpointLinksResolver-Exposing 1 endpoint beneath base path '/actuator'
2025-12-03 11:17:01.221 [main] INFO  org.xd.TliasWebManagementApplicationTests-Started TliasWebManagementApplicationTests in 2.815 seconds (process running for 4.163)
2025-12-03 11:17:02.088 [main] INFO  org.xd.LogTest-计算结果为: 101
2025-12-03 11:17:02.088 [main] INFO  org.xd.LogTest-这是一个信息...
2025-12-03 11:17:02.089 [main] WARN  org.xd.LogTest-这是一个警告信息...
2025-12-03 11:17:02.089 [main] ERROR org.xd.LogTest-这是一个错误信息...
2025-12-03 11:17:02.096 [main] INFO  o.s.t.c.support.AnnotationConfigContextLoaderUtils-Could not detect default configuration classes for test class [org.xd.service.ClazzServiceTest]: ClazzServiceTest does not declare any static, non-private, non-final, nested classes annotated with @Configuration.
2025-12-03 11:17:02.106 [main] INFO  o.s.b.t.context.SpringBootTestContextBootstrapper-Found @SpringBootConfiguration org.xd.ThisWebManagmentApplication for test class org.xd.service.ClazzServiceTest
2025-12-03 11:17:02.219 [main] INFO  com.zaxxer.hikari.HikariDataSource-HikariPool-1 - Starting...
2025-12-03 11:17:03.369 [main] INFO  com.zaxxer.hikari.HikariDataSource-HikariPool-1 - Starting...
2025-12-03 11:17:04.385 [main] INFO  o.s.t.c.support.AnnotationConfigContextLoaderUtils-Could not detect default configuration classes for test class [org.xd.service.ReportServiceTest]: ReportServiceTest does not declare any static, non-private, non-final, nested classes annotated with @Configuration.
2025-12-03 11:17:04.387 [main] INFO  o.s.b.t.context.SpringBootTestContextBootstrapper-Found @SpringBootConfiguration org.xd.ThisWebManagmentApplication for test class org.xd.service.ReportServiceTest
2025-12-03 11:17:04.394 [main] INFO  com.zaxxer.hikari.HikariDataSource-HikariPool-1 - Starting...
2025-12-03 11:17:05.405 [main] INFO  com.zaxxer.hikari.HikariDataSource-HikariPool-1 - Starting...
2025-12-03 11:17:06.416 [main] INFO  o.s.t.c.support.AnnotationConfigContextLoaderUtils-Could not detect default configuration classes for test class [org.xd.service.StudentServiceTest]: StudentServiceTest does not declare any static, non-private, non-final, nested classes annotated with @Configuration.
2025-12-03 11:17:06.418 [main] INFO  o.s.b.t.context.SpringBootTestContextBootstrapper-Found @SpringBootConfiguration org.xd.ThisWebManagmentApplication for test class org.xd.service.StudentServiceTest
2025-12-03 11:17:06.430 [main] INFO  com.zaxxer.hikari.HikariDataSource-HikariPool-1 - Starting...
2025-12-03 11:17:07.441 [main] INFO  o.s.t.c.support.AnnotationConfigContextLoaderUtils-Could not detect default configuration classes for test class [org.xd.ThisWebManagmentApplicationTests]: ThisWebManagmentApplicationTests does not declare any static, non-private, non-final, nested classes annotated with @Configuration.
2025-12-03 11:17:07.443 [main] INFO  o.s.b.t.context.SpringBootTestContextBootstrapper-Found @SpringBootConfiguration org.xd.ThisWebManagmentApplication for test class org.xd.ThisWebManagmentApplicationTests
